app/build/intermediates/manifest_merge_blame_file/debug/processDebugMainManifest/manifest-merger-blame-debug-report.txt
1<?xml version="1.0" encoding="utf-8"?>
2<manifest xmlns:android="http://schemas.android.com/apk/res/android"
3    package="com.limemusic.app.debug"
4    android:versionCode="1"
5    android:versionName="1.0.0-debug" >
6
7    <uses-sdk
8        android:minSdkVersion="26"
9        android:targetSdkVersion="36" />
10
11    <uses-permission android:name="android.permission.INTERNET" />
11-->src/main/AndroidManifest.xml:4:5-67
11-->src/main/AndroidManifest.xml:4:22-64
12    <uses-permission android:name="android.permission.ACCESS_NETWORK_STATE" />
12-->src/main/AndroidManifest.xml:5:5-79
12-->src/main/AndroidManifest.xml:5:22-76
13    <uses-permission android:name="android.permission.POST_NOTIFICATIONS" />
13-->src/main/AndroidManifest.xml:6:5-77
13-->src/main/AndroidManifest.xml:6:22-74
14    <uses-permission android:name="android.permission.FOREGROUND_SERVICE" />
14-->src/main/AndroidManifest.xml:7:5-77
14-->src/main/AndroidManifest.xml:7:22-74
15    <uses-permission android:name="android.permission.FOREGROUND_SERVICE_MEDIA_PLAYBACK" />
15-->src/main/AndroidManifest.xml:8:5-92
15-->src/main/AndroidManifest.xml:8:22-89
16    <uses-permission android:name="android.permission.WAKE_LOCK" />
16-->src/main/AndroidManifest.xml:9:5-68
16-->src/main/AndroidManifest.xml:9:22-65
17    <uses-permission android:name="android.permission.READ_MEDIA_AUDIO" />
17-->src/main/AndroidManifest.xml:11:9-79
17-->src/main/AndroidManifest.xml:11:26-76
18    <uses-permission
18-->src/main/AndroidManifest.xml:13:9-111
19        android:name="android.permission.READ_EXTERNAL_STORAGE"
19-->src/main/AndroidManifest.xml:13:26-81
20        android:maxSdkVersion="32" />
20-->src/main/AndroidManifest.xml:13:82-108
21
22    <permission
22-->[androidx.core:core:1.17.0] AndroidManifest.xml:22:5-24:47
23        android:name="com.limemusic.app.debug.DYNAMIC_RECEIVER_NOT_EXPORTED_PERMISSION"
23-->[androidx.core:core:1.17.0] AndroidManifest.xml:23:9-81
24        android:protectionLevel="signature" />
24-->[androidx.core:core:1.17.0] AndroidManifest.xml:24:9-44
25
26    <uses-permission android:name="com.limemusic.app.debug.DYNAMIC_RECEIVER_NOT_EXPORTED_PERMISSION" />
26-->[androidx.core:core:1.17.0] AndroidManifest.xml:26:5-97
26-->[androidx.core:core:1.17.0] AndroidManifest.xml:26:22-94
27
28    <application
28-->src/main/AndroidManifest.xml:15:5-46:19
29        android:name="com.limemusic.app.LimeMusicApplication"
29-->src/main/AndroidManifest.xml:16:9-45
30        android:allowBackup="true"
30-->src/main/AndroidManifest.xml:17:9-35
31        android:appComponentFactory="androidx.core.app.CoreComponentFactory"
31-->[androidx.core:core:1.17.0] AndroidManifest.xml:28:18-86
32        android:dataExtractionRules="@xml/data_extraction_rules"
32-->src/main/AndroidManifest.xml:18:9-65
33        android:debuggable="true"
34        android:extractNativeLibs="false"
35        android:fullBackupContent="@xml/backup_rules"
35-->src/main/AndroidManifest.xml:19:9-54
36        android:icon="@mipmap/ic_launcher"
36-->src/main/AndroidManifest.xml:20:9-43
37        android:label="Lime Music"
37-->src/main/AndroidManifest.xml:21:9-35
38        android:roundIcon="@mipmap/ic_launcher_round"
38-->src/main/AndroidManifest.xml:22:9-54
39        android:supportsRtl="true"
39-->src/main/AndroidManifest.xml:23:9-35
40        android:theme="@style/Theme.LimeMusic"
40-->src/main/AndroidManifest.xml:24:9-47
41        android:usesCleartextTraffic="false" >
41-->src/main/AndroidManifest.xml:25:9-45
42        <activity
42-->src/main/AndroidManifest.xml:27:9-35:20
43            android:name="com.limemusic.app.MainActivity"
43-->src/main/AndroidManifest.xml:28:13-41
44            android:exported="true"
44-->src/main/AndroidManifest.xml:29:13-36
45            android:screenOrientation="portrait" >
45-->src/main/AndroidManifest.xml:30:13-49
46            <intent-filter>
46-->src/main/AndroidManifest.xml:31:13-34:29
47                <action android:name="android.intent.action.MAIN" />
47-->src/main/AndroidManifest.xml:32:17-69
47-->src/main/AndroidManifest.xml:32:25-66
48
49                <category android:name="android.intent.category.LAUNCHER" />
49-->src/main/AndroidManifest.xml:33:17-77
49-->src/main/AndroidManifest.xml:33:27-74
50            </intent-filter>
51        </activity>
52
53        <service
53-->src/main/AndroidManifest.xml:37:9-45:19
54            android:name="com.limemusic.app.player.MusicPlaybackService"
54-->src/main/AndroidManifest.xml:38:13-56
55            android:exported="true"
55-->src/main/AndroidManifest.xml:39:13-36
56            android:foregroundServiceType="mediaPlayback" >
56-->src/main/AndroidManifest.xml:40:13-58
57            <intent-filter>
57-->src/main/AndroidManifest.xml:41:13-44:29
58                <action android:name="androidx.media3.session.MediaSessionService" />
58-->src/main/AndroidManifest.xml:42:17-86
58-->src/main/AndroidManifest.xml:42:25-83
59                <action android:name="android.media.browse.MediaBrowserService" />
59-->src/main/AndroidManifest.xml:43:17-83
59-->src/main/AndroidManifest.xml:43:25-80
60            </intent-filter>
61        </service>
62
63        <activity
63-->[androidx.compose.ui:ui-tooling-android:1.9.1] AndroidManifest.xml:23:9-25:39
64            android:name="androidx.compose.ui.tooling.PreviewActivity"
64-->[androidx.compose.ui:ui-tooling-android:1.9.1] AndroidManifest.xml:24:13-71
65            android:exported="true" />
65-->[androidx.compose.ui:ui-tooling-android:1.9.1] AndroidManifest.xml:25:13-36
66
67        <provider
67-->[androidx.emoji2:emoji2:1.4.0] AndroidManifest.xml:24:9-32:20
68            android:name="androidx.startup.InitializationProvider"
68-->[androidx.emoji2:emoji2:1.4.0] AndroidManifest.xml:25:13-67
69            android:authorities="com.limemusic.app.debug.androidx-startup"
69-->[androidx.emoji2:emoji2:1.4.0] AndroidManifest.xml:26:13-68
70            android:exported="false" >
70-->[androidx.emoji2:emoji2:1.4.0] AndroidManifest.xml:27:13-37
71            <meta-data
71-->[androidx.emoji2:emoji2:1.4.0] AndroidManifest.xml:29:13-31:52
72                android:name="androidx.emoji2.text.EmojiCompatInitializer"
72-->[androidx.emoji2:emoji2:1.4.0] AndroidManifest.xml:30:17-75
73                android:value="androidx.startup" />
73-->[androidx.emoji2:emoji2:1.4.0] AndroidManifest.xml:31:17-49
74            <meta-data
74-->[androidx.lifecycle:lifecycle-process:2.9.3] AndroidManifest.xml:29:13-31:52
75                android:name="androidx.lifecycle.ProcessLifecycleInitializer"
75-->[androidx.lifecycle:lifecycle-process:2.9.3] AndroidManifest.xml:30:17-78
76                android:value="androidx.startup" />
76-->[androidx.lifecycle:lifecycle-process:2.9.3] AndroidManifest.xml:31:17-49
77            <meta-data
77-->[com.squareup.okhttp3:okhttp-android:5.1.0] AndroidManifest.xml:16:13-18:52
78                android:name="okhttp3.internal.platform.PlatformInitializer"
78-->[com.squareup.okhttp3:okhttp-android:5.1.0] AndroidManifest.xml:17:17-77
79                android:value="androidx.startup" />
79-->[com.squareup.okhttp3:okhttp-android:5.1.0] AndroidManifest.xml:18:17-49
80            <meta-data
80-->[androidx.profileinstaller:profileinstaller:1.4.1] AndroidManifest.xml:29:13-31:52
81                android:name="androidx.profileinstaller.ProfileInstallerInitializer"
81-->[androidx.profileinstaller:profileinstaller:1.4.1] AndroidManifest.xml:30:17-85
82                android:value="androidx.startup" />
82-->[androidx.profileinstaller:profileinstaller:1.4.1] AndroidManifest.xml:31:17-49
83        </provider>
84
85        <service
85-->[androidx.room:room-runtime-android:2.7.2] AndroidManifest.xml:24:9-28:63
86            android:name="androidx.room.MultiInstanceInvalidationService"
86-->[androidx.room:room-runtime-android:2.7.2] AndroidManifest.xml:25:13-74
87            android:directBootAware="true"
87-->[androidx.room:room-runtime-android:2.7.2] AndroidManifest.xml:26:13-43
88            android:exported="false" />
88-->[androidx.room:room-runtime-android:2.7.2] AndroidManifest.xml:27:13-37
89
90        <receiver
90-->[androidx.profileinstaller:profileinstaller:1.4.1] AndroidManifest.xml:34:9-52:20
91            android:name="androidx.profileinstaller.ProfileInstallReceiver"
91-->[androidx.profileinstaller:profileinstaller:1.4.1] AndroidManifest.xml:35:13-76
92            android:directBootAware="false"
92-->[androidx.profileinstaller:profileinstaller:1.4.1] AndroidManifest.xml:36:13-44
93            android:enabled="true"
93-->[androidx.profileinstaller:profileinstaller:1.4.1] AndroidManifest.xml:37:13-35
94            android:exported="true"
94-->[androidx.profileinstaller:profileinstaller:1.4.1] AndroidManifest.xml:38:13-36
95            android:permission="android.permission.DUMP" >
95-->[androidx.profileinstaller:profileinstaller:1.4.1] AndroidManifest.xml:39:13-57
96            <intent-filter>
96-->[androidx.profileinstaller:profileinstaller:1.4.1] AndroidManifest.xml:40:13-42:29
97                <action android:name="androidx.profileinstaller.action.INSTALL_PROFILE" />
97-->[androidx.profileinstaller:profileinstaller:1.4.1] AndroidManifest.xml:41:17-91
97-->[androidx.profileinstaller:profileinstaller:1.4.1] AndroidManifest.xml:41:25-88
98            </intent-filter>
99            <intent-filter>
99-->[androidx.profileinstaller:profileinstaller:1.4.1] AndroidManifest.xml:43:13-45:29
100                <action android:name="androidx.profileinstaller.action.SKIP_FILE" />
100-->[androidx.profileinstaller:profileinstaller:1.4.1] AndroidManifest.xml:44:17-85
100-->[androidx.profileinstaller:profileinstaller:1.4.1] AndroidManifest.xml:44:25-82
101            </intent-filter>
102            <intent-filter>
102-->[androidx.profileinstaller:profileinstaller:1.4.1] AndroidManifest.xml:46:13-48:29
103                <action android:name="androidx.profileinstaller.action.SAVE_PROFILE" />
103-->[androidx.profileinstaller:profileinstaller:1.4.1] AndroidManifest.xml:47:17-88
103-->[androidx.profileinstaller:profileinstaller:1.4.1] AndroidManifest.xml:47:25-85
104            </intent-filter>
105            <intent-filter>
105-->[androidx.profileinstaller:profileinstaller:1.4.1] AndroidManifest.xml:49:13-51:29
106                <action android:name="androidx.profileinstaller.action.BENCHMARK_OPERATION" />
106-->[androidx.profileinstaller:profileinstaller:1.4.1] AndroidManifest.xml:50:17-95
106-->[androidx.profileinstaller:profileinstaller:1.4.1] AndroidManifest.xml:50:25-92
107            </intent-filter>
108        </receiver>
109    </application>
110
111</manifest>